0 info it worked if it ends with ok
1 verbose cli [ '/usr/local/bin/node',
1 verbose cli   '/Users/Samoji/.npm-packages/bin/npm',
1 verbose cli   'start' ]
2 info using npm@3.10.9
3 info using node@v7.4.0
4 verbose run-script [ 'prestart', 'start', 'poststart' ]
5 info lifecycle lazy-load-route@1.0.0~prestart: lazy-load-route@1.0.0
6 silly lifecycle lazy-load-route@1.0.0~prestart: no script for prestart, continuing
7 info lifecycle lazy-load-route@1.0.0~start: lazy-load-route@1.0.0
8 verbose lifecycle lazy-load-route@1.0.0~start: unsafe-perm in lifecycle true
9 verbose lifecycle lazy-load-route@1.0.0~start: PATH: /Users/Samoji/.npm-packages/lib/node_modules/npm/bin/node-gyp-bin:/Users/Samoji/Development/lazy-load-route/node_modules/.bin:/opt/local/bin:/opt/local/sbin:/Users/Samoji/.dnx/runtimes/dnx-mono.1.0.0-rc1-update1/bin:/Users/Samoji/.npm-packages/bin:/usr/local/bin:/usr/bin:/bin:/usr/sbin:/sbin:/Library/Java/JavaVirtualMachines/jdk1.8.0_25/Contents/Home/bin:~/Development/grails-2.4.3/bin:~/Development/groovy-2.3.7/bin:~/Development/gs-maven/bin:~/Development/apache-maven-3.2.3/bin:/opt/X11/bin:/usr/local/share/dotnet:/Library/Frameworks/Mono.framework/Versions/Current/Commands:/usr/texbin:/opt/local/bin:/opt/local/sbin:/Users/Samoji/.npm-packages/bin:/Users/Samoji/.dnx/bin
10 verbose lifecycle lazy-load-route@1.0.0~start: CWD: /Users/Samoji/Development/lazy-load-route
11 silly lifecycle lazy-load-route@1.0.0~start: Args: [ '-c',
11 silly lifecycle   'rimraf ./outjs && rimraf ./dist && webpack-dev-server -d' ]
12 silly lifecycle lazy-load-route@1.0.0~start: Returned: code: 1  signal: null
13 info lifecycle lazy-load-route@1.0.0~start: Failed to exec start script
14 verbose stack Error: lazy-load-route@1.0.0 start: `rimraf ./outjs && rimraf ./dist && webpack-dev-server -d`
14 verbose stack Exit status 1
14 verbose stack     at EventEmitter.<anonymous> (/Users/Samoji/.npm-packages/lib/node_modules/npm/lib/utils/lifecycle.js:255:16)
14 verbose stack     at emitTwo (events.js:106:13)
14 verbose stack     at EventEmitter.emit (events.js:191:7)
14 verbose stack     at ChildProcess.<anonymous> (/Users/Samoji/.npm-packages/lib/node_modules/npm/lib/utils/spawn.js:40:14)
14 verbose stack     at emitTwo (events.js:106:13)
14 verbose stack     at ChildProcess.emit (events.js:191:7)
14 verbose stack     at maybeClose (internal/child_process.js:885:16)
14 verbose stack     at Process.ChildProcess._handle.onexit (internal/child_process.js:226:5)
15 verbose pkgid lazy-load-route@1.0.0
16 verbose cwd /Users/Samoji/Development/lazy-load-route
17 error Darwin 16.5.0
18 error argv "/usr/local/bin/node" "/Users/Samoji/.npm-packages/bin/npm" "start"
19 error node v7.4.0
20 error npm  v3.10.9
21 error code ELIFECYCLE
22 error lazy-load-route@1.0.0 start: `rimraf ./outjs && rimraf ./dist && webpack-dev-server -d`
22 error Exit status 1
23 error Failed at the lazy-load-route@1.0.0 start script 'rimraf ./outjs && rimraf ./dist && webpack-dev-server -d'.
23 error Make sure you have the latest version of node.js and npm installed.
23 error If you do, this is most likely a problem with the lazy-load-route package,
23 error not with npm itself.
23 error Tell the author that this fails on your system:
23 error     rimraf ./outjs && rimraf ./dist && webpack-dev-server -d
23 error You can get information on how to open an issue for this project with:
23 error     npm bugs lazy-load-route
23 error Or if that isn't available, you can get their info via:
23 error     npm owner ls lazy-load-route
23 error There is likely additional logging output above.
24 verbose exit [ 1, true ]
